<?xml version="1.0" encoding="UTF-8"?>
<coverage generated="1559249858251" clover="3.2.0">
  <project timestamp="1559249858251" name="All files">
    <metrics statements="111" coveredstatements="88" conditionals="13" coveredconditionals="1" methods="52" coveredmethods="37" elements="176" coveredelements="126" complexity="0" loc="111" ncloc="111" packages="3" files="6" classes="6">
      <package name="_mocks_">
        <metrics statements="14" coveredstatements="12" conditionals="2" coveredconditionals="0" methods="9" coveredmethods="7"/>
        <file name="firebase-mock.js" path="/home/judith-c-q-i/Escritorio/LIM009-Social-Network/_mocks_/firebase-mock.js">
          <metrics statements="14" coveredstatements="12" conditionals="2" coveredconditionals="0" methods="9" coveredmethods="7"/>
          <line num="1" count="4" type="stmt"/>
          <line num="3" count="4" type="stmt"/>
          <line num="4" count="4" type="stmt"/>
          <line num="5" count="4" type="stmt"/>
          <line num="6" count="4" type="stmt"/>
          <line num="9" count="0" type="cond" truecount="0" falsecount="2"/>
          <line num="13" count="11" type="stmt"/>
          <line num="17" count="0" type="stmt"/>
          <line num="19" count="1" type="stmt"/>
          <line num="20" count="1" type="stmt"/>
          <line num="21" count="1" type="stmt"/>
          <line num="23" count="1" type="stmt"/>
          <line num="24" count="1" type="stmt"/>
          <line num="26" count="1" type="stmt"/>
        </file>
      </package>
      <package name="src.controller">
        <metrics statements="68" coveredstatements="60" conditionals="5" coveredconditionals="1" methods="32" coveredmethods="28"/>
        <file name="login.js" path="/home/judith-c-q-i/Escritorio/LIM009-Social-Network/src/controller/login.js">
          <metrics statements="12" coveredstatements="12" conditionals="0" coveredconditionals="0" methods="5" coveredmethods="5"/>
          <line num="3" count="3" type="stmt"/>
          <line num="4" count="3" type="stmt"/>
          <line num="7" count="3" type="stmt"/>
          <line num="8" count="1" type="stmt"/>
          <line num="9" count="1" type="stmt"/>
          <line num="13" count="3" type="stmt"/>
          <line num="14" count="2" type="stmt"/>
          <line num="15" count="2" type="stmt"/>
          <line num="19" count="3" type="stmt"/>
          <line num="20" count="1" type="stmt"/>
          <line num="24" count="3" type="stmt"/>
          <line num="25" count="2" type="stmt"/>
        </file>
        <file name="signup.js" path="/home/judith-c-q-i/Escritorio/LIM009-Social-Network/src/controller/signup.js">
          <metrics statements="1" coveredstatements="1" conditionals="0" coveredconditionals="0" methods="1" coveredmethods="1"/>
          <line num="3" count="1" type="stmt"/>
        </file>
        <file name="wall.js" path="/home/judith-c-q-i/Escritorio/LIM009-Social-Network/src/controller/wall.js">
          <metrics statements="55" coveredstatements="47" conditionals="5" coveredconditionals="1" methods="26" coveredmethods="22"/>
          <line num="3" count="2" type="cond" truecount="1" falsecount="0"/>
          <line num="4" count="1" type="stmt"/>
          <line num="17" count="2" type="stmt"/>
          <line num="18" count="7" type="stmt"/>
          <line num="21" count="7" type="stmt"/>
          <line num="22" count="7" type="stmt"/>
          <line num="23" count="22" type="stmt"/>
          <line num="25" count="7" type="stmt"/>
          <line num="33" count="2" type="stmt"/>
          <line num="34" count="2" type="stmt"/>
          <line num="37" count="2" type="stmt"/>
          <line num="38" count="2" type="stmt"/>
          <line num="39" count="2" type="stmt"/>
          <line num="41" count="2" type="stmt"/>
          <line num="47" count="2" type="stmt"/>
          <line num="48" count="1" type="stmt"/>
          <line num="49" count="1" type="stmt"/>
          <line num="56" count="2" type="stmt"/>
          <line num="57" count="1" type="stmt"/>
          <line num="58" count="1" type="stmt"/>
          <line num="64" count="2" type="stmt"/>
          <line num="67" count="2" type="stmt"/>
          <line num="69" count="2" type="stmt"/>
          <line num="70" count="1" type="stmt"/>
          <line num="71" count="1" type="stmt"/>
          <line num="72" count="1" type="stmt"/>
          <line num="73" count="1" type="stmt"/>
          <line num="76" count="2" type="stmt"/>
          <line num="77" count="1" type="stmt"/>
          <line num="87" count="2" type="stmt"/>
          <line num="88" count="2" type="stmt"/>
          <line num="91" count="2" type="stmt"/>
          <line num="92" count="2" type="stmt"/>
          <line num="93" count="2" type="stmt"/>
          <line num="95" count="2" type="stmt"/>
          <line num="100" count="2" type="stmt"/>
          <line num="101" count="1" type="stmt"/>
          <line num="107" count="2" type="stmt"/>
          <line num="108" count="1" type="stmt"/>
          <line num="111" count="2" type="stmt"/>
          <line num="112" count="1" type="stmt"/>
          <line num="114" count="1" type="stmt"/>
          <line num="115" count="1" type="stmt"/>
          <line num="116" count="1" type="stmt"/>
          <line num="118" count="1" type="stmt"/>
          <line num="123" count="2" type="stmt"/>
          <line num="124" count="0" type="stmt"/>
          <line num="147" count="2" type="stmt"/>
          <line num="148" count="0" type="stmt"/>
          <line num="149" count="0" type="stmt"/>
          <line num="151" count="0" type="stmt"/>
          <line num="152" count="0" type="cond" truecount="0" falsecount="2"/>
          <line num="153" count="0" type="stmt"/>
          <line num="158" count="0" type="cond" truecount="0" falsecount="2"/>
          <line num="159" count="0" type="stmt"/>
        </file>
      </package>
      <package name="src.view">
        <metrics statements="29" coveredstatements="16" conditionals="6" coveredconditionals="0" methods="11" coveredmethods="2"/>
        <file name="Login.js" path="/home/judith-c-q-i/Escritorio/LIM009-Social-Network/src/view/Login.js">
          <metrics statements="28" coveredstatements="16" conditionals="6" coveredconditionals="0" methods="10" coveredmethods="2"/>
          <line num="4" count="1" type="stmt"/>
          <line num="5" count="1" type="stmt"/>
          <line num="6" count="1" type="stmt"/>
          <line num="7" count="1" type="stmt"/>
          <line num="8" count="1" type="stmt"/>
          <line num="9" count="0" type="stmt"/>
          <line num="11" count="0" type="stmt"/>
          <line num="12" count="0" type="stmt"/>
          <line num="13" count="0" type="cond" truecount="0" falsecount="2"/>
          <line num="14" count="0" type="stmt"/>
          <line num="16" count="0" type="cond" truecount="0" falsecount="2"/>
          <line num="17" count="0" type="stmt"/>
          <line num="19" count="0" type="cond" truecount="0" falsecount="2"/>
          <line num="20" count="0" type="stmt"/>
          <line num="25" count="1" type="stmt"/>
          <line num="26" count="1" type="stmt"/>
          <line num="48" count="1" type="stmt"/>
          <line num="49" count="1" type="stmt"/>
          <line num="51" count="1" type="stmt"/>
          <line num="52" count="1" type="stmt"/>
          <line num="54" count="1" type="stmt"/>
          <line num="55" count="1" type="stmt"/>
          <line num="56" count="0" type="stmt"/>
          <line num="58" count="0" type="stmt"/>
          <line num="63" count="1" type="stmt"/>
          <line num="64" count="1" type="stmt"/>
          <line num="65" count="0" type="stmt"/>
          <line num="69" count="1" type="stmt"/>
        </file>
        <file name="utils.js" path="/home/judith-c-q-i/Escritorio/LIM009-Social-Network/src/view/utils.js">
          <metrics statements="1" coveredstatements="0" conditionals="0" coveredconditionals="0" methods="1" coveredmethods="0"/>
          <line num="2" count="0" type="stmt"/>
        </file>
      </package>
    </metrics>
  </project>
</coverage>
