{"/home/judith-c-q-i/Escritorio/LIM009-Social-Network/_mocks_/firebase-mock.js": {"path":"/home/judith-c-q-i/Escritorio/LIM009-Social-Network/_mocks_/firebase-mock.js","statementMap":{"0":{"start":{"line":1,"column":21},"end":{"line":1,"column":45}},"1":{"start":{"line":3,"column":24},"end":{"line":3,"column":61}},"2":{"start":{"line":4,"column":22},"end":{"line":4,"column":54}},"3":{"start":{"line":5,"column":20},"end":{"line":5,"column":50}},"4":{"start":{"line":6,"column":23},"end":{"line":34,"column":1}},"5":{"start":{"line":9,"column":4},"end":{"line":9,"column":58}},"6":{"start":{"line":13,"column":4},"end":{"line":13,"column":20}},"7":{"start":{"line":17,"column":4},"end":{"line":17,"column":25}},"8":{"start":{"line":19,"column":9},"end":{"line":33,"column":3}},"9":{"start":{"line":20,"column":16},"end":{"line":32,"column":5}},"10":{"start":{"line":21,"column":22},"end":{"line":31,"column":7}},"11":{"start":{"line":23,"column":10},"end":{"line":29,"column":12}},"12":{"start":{"line":24,"column":12},"end":{"line":28,"column":14}},"13":{"start":{"line":26,"column":39},"end":{"line":26,"column":47}}},"fnMap":{"0":{"name":"(anonymous_0)","decl":{"start":{"line":8,"column":2},"end":{"line":8,"column":3}},"loc":{"start":{"line":8,"column":12},"end":{"line":10,"column":3}},"line":8},"1":{"name":"(anonymous_1)","decl":{"start":{"line":12,"column":2},"end":{"line":12,"column":3}},"loc":{"start":{"line":12,"column":8},"end":{"line":14,"column":3}},"line":12},"2":{"name":"(anonymous_2)","decl":{"start":{"line":16,"column":2},"end":{"line":16,"column":3}},"loc":{"start":{"line":16,"column":8},"end":{"line":18,"column":3}},"line":16},"3":{"name":"(anonymous_3)","decl":{"start":{"line":19,"column":2},"end":{"line":19,"column":3}},"loc":{"start":{"line":19,"column":9},"end":{"line":33,"column":3}},"line":19},"4":{"name":"(anonymous_4)","decl":{"start":{"line":20,"column":9},"end":{"line":20,"column":10}},"loc":{"start":{"line":20,"column":16},"end":{"line":32,"column":5}},"line":20},"5":{"name":"(anonymous_5)","decl":{"start":{"line":21,"column":13},"end":{"line":21,"column":14}},"loc":{"start":{"line":21,"column":22},"end":{"line":31,"column":7}},"line":21},"6":{"name":"(anonymous_6)","decl":{"start":{"line":22,"column":13},"end":{"line":22,"column":14}},"loc":{"start":{"line":23,"column":10},"end":{"line":29,"column":12}},"line":23},"7":{"name":"(anonymous_7)","decl":{"start":{"line":23,"column":22},"end":{"line":23,"column":23}},"loc":{"start":{"line":23,"column":33},"end":{"line":29,"column":11}},"line":23},"8":{"name":"(anonymous_8)","decl":{"start":{"line":26,"column":32},"end":{"line":26,"column":33}},"loc":{"start":{"line":26,"column":39},"end":{"line":26,"column":47}},"line":26}},"branchMap":{"0":{"loc":{"start":{"line":9,"column":11},"end":{"line":9,"column":57}},"type":"cond-expr","locations":[{"start":{"line":9,"column":18},"end":{"line":9,"column":42}},{"start":{"line":9,"column":45},"end":{"line":9,"column":57}}],"line":9}},"s":{"0":4,"1":4,"2":4,"3":4,"4":4,"5":0,"6":11,"7":0,"8":1,"9":1,"10":1,"11":1,"12":1,"13":1},"f":{"0":0,"1":11,"2":0,"3":1,"4":1,"5":1,"6":1,"7":1,"8":1},"b":{"0":[0,0]},"_coverageSchema":"332fd63041d2c1bcb487cc26dd0d5f7d97098a6c","hash":"3a73653aa3cb8b5fcd422c623cae32789def3069"}
,"/home/judith-c-q-i/Escritorio/LIM009-Social-Network/src/controller/login.js": {"path":"/home/judith-c-q-i/Escritorio/LIM009-Social-Network/src/controller/login.js","statementMap":{"0":{"start":{"line":3,"column":26},"end":{"line":4,"column":59}},"1":{"start":{"line":4,"column":0},"end":{"line":4,"column":59}},"2":{"start":{"line":7,"column":28},"end":{"line":10,"column":1}},"3":{"start":{"line":8,"column":19},"end":{"line":8,"column":59}},"4":{"start":{"line":9,"column":2},"end":{"line":9,"column":51}},"5":{"start":{"line":13,"column":25},"end":{"line":16,"column":1}},"6":{"start":{"line":14,"column":19},"end":{"line":14,"column":57}},"7":{"start":{"line":15,"column":2},"end":{"line":15,"column":51}},"8":{"start":{"line":19,"column":22},"end":{"line":21,"column":1}},"9":{"start":{"line":20,"column":2},"end":{"line":20,"column":35}},"10":{"start":{"line":24,"column":29},"end":{"line":26,"column":1}},"11":{"start":{"line":25,"column":1},"end":{"line":25,"column":36}}},"fnMap":{"0":{"name":"(anonymous_0)","decl":{"start":{"line":3,"column":26},"end":{"line":3,"column":27}},"loc":{"start":{"line":4,"column":0},"end":{"line":4,"column":59}},"line":4},"1":{"name":"(anonymous_1)","decl":{"start":{"line":7,"column":28},"end":{"line":7,"column":29}},"loc":{"start":{"line":7,"column":34},"end":{"line":10,"column":1}},"line":7},"2":{"name":"(anonymous_2)","decl":{"start":{"line":13,"column":25},"end":{"line":13,"column":26}},"loc":{"start":{"line":13,"column":29},"end":{"line":16,"column":1}},"line":13},"3":{"name":"(anonymous_3)","decl":{"start":{"line":19,"column":22},"end":{"line":19,"column":23}},"loc":{"start":{"line":19,"column":28},"end":{"line":21,"column":1}},"line":19},"4":{"name":"(anonymous_4)","decl":{"start":{"line":24,"column":29},"end":{"line":24,"column":30}},"loc":{"start":{"line":24,"column":35},"end":{"line":26,"column":1}},"line":24}},"branchMap":{},"s":{"0":3,"1":3,"2":3,"3":1,"4":1,"5":3,"6":2,"7":2,"8":3,"9":1,"10":3,"11":2},"f":{"0":3,"1":1,"2":2,"3":1,"4":2},"b":{},"_coverageSchema":"332fd63041d2c1bcb487cc26dd0d5f7d97098a6c","hash":"a19920b71c0f4b71b8cea24b1b7ce089eb52c8d0"}
,"/home/judith-c-q-i/Escritorio/LIM009-Social-Network/src/controller/signup.js": {"path":"/home/judith-c-q-i/Escritorio/LIM009-Social-Network/src/controller/signup.js","statementMap":{"0":{"start":{"line":3,"column":1},"end":{"line":3,"column":64}}},"fnMap":{"0":{"name":"(anonymous_0)","decl":{"start":{"line":2,"column":15},"end":{"line":2,"column":16}},"loc":{"start":{"line":3,"column":1},"end":{"line":3,"column":64}},"line":3}},"branchMap":{},"s":{"0":1},"f":{"0":1},"b":{},"_coverageSchema":"332fd63041d2c1bcb487cc26dd0d5f7d97098a6c","hash":"c74df2f4aba713fb623c3ce0b2339bd4828e1576"}
,"/home/judith-c-q-i/Escritorio/LIM009-Social-Network/src/controller/wall.js": {"path":"/home/judith-c-q-i/Escritorio/LIM009-Social-Network/src/controller/wall.js","statementMap":{"0":{"start":{"line":3,"column":26},"end":{"line":14,"column":1}},"1":{"start":{"line":4,"column":2},"end":{"line":13,"column":4}},"2":{"start":{"line":17,"column":27},"end":{"line":27,"column":5}},"3":{"start":{"line":18,"column":4},"end":{"line":26,"column":9}},"4":{"start":{"line":21,"column":19},"end":{"line":21,"column":21}},"5":{"start":{"line":22,"column":8},"end":{"line":24,"column":11}},"6":{"start":{"line":23,"column":10},"end":{"line":23,"column":50}},"7":{"start":{"line":25,"column":8},"end":{"line":25,"column":23}},"8":{"start":{"line":33,"column":30},"end":{"line":43,"column":1}},"9":{"start":{"line":34,"column":4},"end":{"line":42,"column":6}},"10":{"start":{"line":37,"column":19},"end":{"line":37,"column":21}},"11":{"start":{"line":38,"column":8},"end":{"line":40,"column":11}},"12":{"start":{"line":39,"column":12},"end":{"line":39,"column":52}},"13":{"start":{"line":41,"column":8},"end":{"line":41,"column":23}},"14":{"start":{"line":47,"column":26},"end":{"line":53,"column":1}},"15":{"start":{"line":48,"column":18},"end":{"line":48,"column":70}},"16":{"start":{"line":49,"column":4},"end":{"line":52,"column":7}},"17":{"start":{"line":56,"column":35},"end":{"line":61,"column":3}},"18":{"start":{"line":57,"column":25},"end":{"line":57,"column":116}},"19":{"start":{"line":58,"column":3},"end":{"line":60,"column":5}},"20":{"start":{"line":64,"column":26},"end":{"line":64,"column":99}},"21":{"start":{"line":64,"column":38},"end":{"line":64,"column":99}},"22":{"start":{"line":67,"column":33},"end":{"line":67,"column":156}},"23":{"start":{"line":67,"column":56},"end":{"line":67,"column":156}},"24":{"start":{"line":69,"column":27},"end":{"line":74,"column":1}},"25":{"start":{"line":70,"column":25},"end":{"line":70,"column":87}},"26":{"start":{"line":71,"column":21},"end":{"line":71,"column":48}},"27":{"start":{"line":72,"column":4},"end":{"line":73,"column":53}},"28":{"start":{"line":73,"column":22},"end":{"line":73,"column":51}},"29":{"start":{"line":76,"column":30},"end":{"line":85,"column":1}},"30":{"start":{"line":77,"column":2},"end":{"line":84,"column":4}},"31":{"start":{"line":87,"column":32},"end":{"line":97,"column":1}},"32":{"start":{"line":88,"column":2},"end":{"line":96,"column":7}},"33":{"start":{"line":91,"column":17},"end":{"line":91,"column":19}},"34":{"start":{"line":92,"column":6},"end":{"line":94,"column":9}},"35":{"start":{"line":93,"column":7},"end":{"line":93,"column":47}},"36":{"start":{"line":95,"column":6},"end":{"line":95,"column":20}},"37":{"start":{"line":100,"column":29},"end":{"line":105,"column":1}},"38":{"start":{"line":101,"column":2},"end":{"line":104,"column":4}},"39":{"start":{"line":107,"column":32},"end":{"line":109,"column":3}},"40":{"start":{"line":108,"column":2},"end":{"line":108,"column":103}},"41":{"start":{"line":111,"column":31},"end":{"line":120,"column":1}},"42":{"start":{"line":112,"column":2},"end":{"line":119,"column":7}},"43":{"start":{"line":114,"column":17},"end":{"line":114,"column":19}},"44":{"start":{"line":115,"column":6},"end":{"line":117,"column":9}},"45":{"start":{"line":116,"column":7},"end":{"line":116,"column":47}},"46":{"start":{"line":118,"column":6},"end":{"line":118,"column":20}},"47":{"start":{"line":123,"column":27},"end":{"line":131,"column":1}},"48":{"start":{"line":124,"column":2},"end":{"line":130,"column":6}},"49":{"start":{"line":147,"column":30},"end":{"line":164,"column":3}},"50":{"start":{"line":148,"column":2},"end":{"line":163,"column":5}},"51":{"start":{"line":149,"column":12},"end":{"line":149,"column":17}},"52":{"start":{"line":151,"column":4},"end":{"line":156,"column":7}},"53":{"start":{"line":152,"column":8},"end":{"line":155,"column":9}},"54":{"start":{"line":153,"column":10},"end":{"line":153,"column":19}},"55":{"start":{"line":158,"column":4},"end":{"line":161,"column":5}},"56":{"start":{"line":159,"column":6},"end":{"line":159,"column":39}}},"fnMap":{"0":{"name":"(anonymous_0)","decl":{"start":{"line":3,"column":26},"end":{"line":3,"column":27}},"loc":{"start":{"line":3,"column":95},"end":{"line":14,"column":1}},"line":3},"1":{"name":"(anonymous_1)","decl":{"start":{"line":17,"column":27},"end":{"line":17,"column":28}},"loc":{"start":{"line":17,"column":41},"end":{"line":27,"column":5}},"line":17},"2":{"name":"(anonymous_2)","decl":{"start":{"line":20,"column":16},"end":{"line":20,"column":17}},"loc":{"start":{"line":20,"column":35},"end":{"line":26,"column":7}},"line":20},"3":{"name":"(anonymous_3)","decl":{"start":{"line":22,"column":30},"end":{"line":22,"column":31}},"loc":{"start":{"line":22,"column":39},"end":{"line":24,"column":9}},"line":22},"4":{"name":"(anonymous_4)","decl":{"start":{"line":33,"column":30},"end":{"line":33,"column":31}},"loc":{"start":{"line":33,"column":44},"end":{"line":43,"column":1}},"line":33},"5":{"name":"(anonymous_5)","decl":{"start":{"line":36,"column":10},"end":{"line":36,"column":11}},"loc":{"start":{"line":36,"column":34},"end":{"line":42,"column":5}},"line":36},"6":{"name":"(anonymous_6)","decl":{"start":{"line":38,"column":30},"end":{"line":38,"column":31}},"loc":{"start":{"line":38,"column":44},"end":{"line":40,"column":9}},"line":38},"7":{"name":"(anonymous_7)","decl":{"start":{"line":47,"column":26},"end":{"line":47,"column":27}},"loc":{"start":{"line":47,"column":56},"end":{"line":53,"column":1}},"line":47},"8":{"name":"(anonymous_8)","decl":{"start":{"line":56,"column":35},"end":{"line":56,"column":36}},"loc":{"start":{"line":56,"column":72},"end":{"line":61,"column":3}},"line":56},"9":{"name":"(anonymous_9)","decl":{"start":{"line":64,"column":26},"end":{"line":64,"column":27}},"loc":{"start":{"line":64,"column":38},"end":{"line":64,"column":99}},"line":64},"10":{"name":"(anonymous_10)","decl":{"start":{"line":67,"column":33},"end":{"line":67,"column":34}},"loc":{"start":{"line":67,"column":56},"end":{"line":67,"column":156}},"line":67},"11":{"name":"(anonymous_11)","decl":{"start":{"line":69,"column":27},"end":{"line":69,"column":28}},"loc":{"start":{"line":69,"column":44},"end":{"line":74,"column":1}},"line":69},"12":{"name":"(anonymous_12)","decl":{"start":{"line":73,"column":10},"end":{"line":73,"column":11}},"loc":{"start":{"line":73,"column":22},"end":{"line":73,"column":51}},"line":73},"13":{"name":"(anonymous_13)","decl":{"start":{"line":76,"column":30},"end":{"line":76,"column":31}},"loc":{"start":{"line":76,"column":75},"end":{"line":85,"column":1}},"line":76},"14":{"name":"(anonymous_14)","decl":{"start":{"line":87,"column":32},"end":{"line":87,"column":33}},"loc":{"start":{"line":87,"column":50},"end":{"line":97,"column":1}},"line":87},"15":{"name":"(anonymous_15)","decl":{"start":{"line":90,"column":16},"end":{"line":90,"column":17}},"loc":{"start":{"line":90,"column":35},"end":{"line":96,"column":5}},"line":90},"16":{"name":"(anonymous_16)","decl":{"start":{"line":92,"column":28},"end":{"line":92,"column":29}},"loc":{"start":{"line":92,"column":38},"end":{"line":94,"column":7}},"line":92},"17":{"name":"(anonymous_17)","decl":{"start":{"line":100,"column":29},"end":{"line":100,"column":30}},"loc":{"start":{"line":100,"column":43},"end":{"line":105,"column":1}},"line":100},"18":{"name":"(anonymous_18)","decl":{"start":{"line":107,"column":32},"end":{"line":107,"column":33}},"loc":{"start":{"line":107,"column":52},"end":{"line":109,"column":3}},"line":107},"19":{"name":"(anonymous_19)","decl":{"start":{"line":111,"column":31},"end":{"line":111,"column":32}},"loc":{"start":{"line":111,"column":53},"end":{"line":120,"column":1}},"line":111},"20":{"name":"(anonymous_20)","decl":{"start":{"line":113,"column":16},"end":{"line":113,"column":17}},"loc":{"start":{"line":113,"column":35},"end":{"line":119,"column":5}},"line":113},"21":{"name":"(anonymous_21)","decl":{"start":{"line":115,"column":28},"end":{"line":115,"column":29}},"loc":{"start":{"line":115,"column":38},"end":{"line":117,"column":7}},"line":115},"22":{"name":"(anonymous_22)","decl":{"start":{"line":123,"column":27},"end":{"line":123,"column":28}},"loc":{"start":{"line":123,"column":59},"end":{"line":131,"column":1}},"line":123},"23":{"name":"(anonymous_23)","decl":{"start":{"line":147,"column":30},"end":{"line":147,"column":31}},"loc":{"start":{"line":147,"column":55},"end":{"line":164,"column":3}},"line":147},"24":{"name":"(anonymous_24)","decl":{"start":{"line":148,"column":61},"end":{"line":148,"column":62}},"loc":{"start":{"line":148,"column":85},"end":{"line":163,"column":3}},"line":148},"25":{"name":"(anonymous_25)","decl":{"start":{"line":151,"column":26},"end":{"line":151,"column":27}},"loc":{"start":{"line":151,"column":40},"end":{"line":156,"column":5}},"line":151}},"branchMap":{"0":{"loc":{"start":{"line":3,"column":74},"end":{"line":3,"column":90}},"type":"default-arg","locations":[{"start":{"line":3,"column":86},"end":{"line":3,"column":90}}],"line":3},"1":{"loc":{"start":{"line":152,"column":8},"end":{"line":155,"column":9}},"type":"if","locations":[{"start":{"line":152,"column":8},"end":{"line":155,"column":9}},{"start":{"line":152,"column":8},"end":{"line":155,"column":9}}],"line":152},"2":{"loc":{"start":{"line":158,"column":4},"end":{"line":161,"column":5}},"type":"if","locations":[{"start":{"line":158,"column":4},"end":{"line":161,"column":5}},{"start":{"line":158,"column":4},"end":{"line":161,"column":5}}],"line":158}},"s":{"0":2,"1":1,"2":2,"3":7,"4":7,"5":7,"6":22,"7":7,"8":2,"9":2,"10":2,"11":2,"12":2,"13":2,"14":2,"15":1,"16":1,"17":2,"18":1,"19":1,"20":2,"21":1,"22":2,"23":1,"24":2,"25":1,"26":1,"27":1,"28":1,"29":2,"30":1,"31":2,"32":2,"33":2,"34":2,"35":2,"36":2,"37":2,"38":1,"39":2,"40":1,"41":2,"42":1,"43":1,"44":1,"45":1,"46":1,"47":2,"48":0,"49":2,"50":0,"51":0,"52":0,"53":0,"54":0,"55":0,"56":0},"f":{"0":1,"1":7,"2":7,"3":22,"4":2,"5":2,"6":2,"7":1,"8":1,"9":1,"10":1,"11":1,"12":1,"13":1,"14":2,"15":2,"16":2,"17":1,"18":1,"19":1,"20":1,"21":1,"22":0,"23":0,"24":0,"25":0},"b":{"0":[1],"1":[0,0],"2":[0,0]},"_coverageSchema":"332fd63041d2c1bcb487cc26dd0d5f7d97098a6c","hash":"95a756af304c93ea9f77f23deed20a475d24c35f"}
,"/home/judith-c-q-i/Escritorio/LIM009-Social-Network/src/view/Login.js": {"path":"/home/judith-c-q-i/Escritorio/LIM009-Social-Network/src/view/Login.js","statementMap":{"0":{"start":{"line":4,"column":28},"end":{"line":23,"column":1}},"1":{"start":{"line":5,"column":19},"end":{"line":5,"column":45}},"2":{"start":{"line":6,"column":14},"end":{"line":6,"column":52}},"3":{"start":{"line":7,"column":18},"end":{"line":7,"column":59}},"4":{"start":{"line":8,"column":2},"end":{"line":22,"column":9}},"5":{"start":{"line":9,"column":16},"end":{"line":9,"column":36}},"6":{"start":{"line":11,"column":24},"end":{"line":11,"column":34}},"7":{"start":{"line":12,"column":27},"end":{"line":12,"column":40}},"8":{"start":{"line":13,"column":8},"end":{"line":21,"column":9}},"9":{"start":{"line":14,"column":10},"end":{"line":14,"column":108}},"10":{"start":{"line":16,"column":15},"end":{"line":21,"column":9}},"11":{"start":{"line":17,"column":10},"end":{"line":17,"column":93}},"12":{"start":{"line":19,"column":15},"end":{"line":21,"column":9}},"13":{"start":{"line":20,"column":10},"end":{"line":20,"column":102}},"14":{"start":{"line":25,"column":21},"end":{"line":70,"column":1}},"15":{"start":{"line":26,"column":15},"end":{"line":47,"column":9}},"16":{"start":{"line":48,"column":12},"end":{"line":48,"column":41}},"17":{"start":{"line":49,"column":2},"end":{"line":49,"column":23}},"18":{"start":{"line":51,"column":19},"end":{"line":51,"column":51}},"19":{"start":{"line":52,"column":2},"end":{"line":52,"column":51}},"20":{"start":{"line":54,"column":27},"end":{"line":54,"column":58}},"21":{"start":{"line":55,"column":2},"end":{"line":61,"column":5}},"22":{"start":{"line":56,"column":4},"end":{"line":60,"column":20}},"23":{"start":{"line":58,"column":5},"end":{"line":58,"column":25}},"24":{"start":{"line":63,"column":25},"end":{"line":63,"column":59}},"25":{"start":{"line":64,"column":2},"end":{"line":67,"column":6}},"26":{"start":{"line":64,"column":49},"end":{"line":66,"column":20}},"27":{"start":{"line":65,"column":16},"end":{"line":65,"column":36}},"28":{"start":{"line":69,"column":2},"end":{"line":69,"column":13}}},"fnMap":{"0":{"name":"(anonymous_0)","decl":{"start":{"line":4,"column":28},"end":{"line":4,"column":29}},"loc":{"start":{"line":4,"column":37},"end":{"line":23,"column":1}},"line":4},"1":{"name":"(anonymous_1)","decl":{"start":{"line":9,"column":10},"end":{"line":9,"column":11}},"loc":{"start":{"line":9,"column":16},"end":{"line":9,"column":36}},"line":9},"2":{"name":"(anonymous_2)","decl":{"start":{"line":10,"column":11},"end":{"line":10,"column":12}},"loc":{"start":{"line":10,"column":21},"end":{"line":22,"column":7}},"line":10},"3":{"name":"(anonymous_3)","decl":{"start":{"line":25,"column":21},"end":{"line":25,"column":22}},"loc":{"start":{"line":25,"column":27},"end":{"line":70,"column":1}},"line":25},"4":{"name":"(anonymous_4)","decl":{"start":{"line":55,"column":45},"end":{"line":55,"column":46}},"loc":{"start":{"line":55,"column":51},"end":{"line":61,"column":3}},"line":55},"5":{"name":"(anonymous_5)","decl":{"start":{"line":57,"column":10},"end":{"line":57,"column":11}},"loc":{"start":{"line":57,"column":21},"end":{"line":59,"column":5}},"line":57},"6":{"name":"(anonymous_6)","decl":{"start":{"line":60,"column":11},"end":{"line":60,"column":12}},"loc":{"start":{"line":60,"column":17},"end":{"line":60,"column":19}},"line":60},"7":{"name":"(anonymous_7)","decl":{"start":{"line":64,"column":43},"end":{"line":64,"column":44}},"loc":{"start":{"line":64,"column":49},"end":{"line":66,"column":20}},"line":64},"8":{"name":"(anonymous_8)","decl":{"start":{"line":65,"column":10},"end":{"line":65,"column":11}},"loc":{"start":{"line":65,"column":16},"end":{"line":65,"column":36}},"line":65},"9":{"name":"(anonymous_9)","decl":{"start":{"line":66,"column":11},"end":{"line":66,"column":12}},"loc":{"start":{"line":66,"column":17},"end":{"line":66,"column":19}},"line":66}},"branchMap":{"0":{"loc":{"start":{"line":13,"column":8},"end":{"line":21,"column":9}},"type":"if","locations":[{"start":{"line":13,"column":8},"end":{"line":21,"column":9}},{"start":{"line":13,"column":8},"end":{"line":21,"column":9}}],"line":13},"1":{"loc":{"start":{"line":16,"column":15},"end":{"line":21,"column":9}},"type":"if","locations":[{"start":{"line":16,"column":15},"end":{"line":21,"column":9}},{"start":{"line":16,"column":15},"end":{"line":21,"column":9}}],"line":16},"2":{"loc":{"start":{"line":19,"column":15},"end":{"line":21,"column":9}},"type":"if","locations":[{"start":{"line":19,"column":15},"end":{"line":21,"column":9}},{"start":{"line":19,"column":15},"end":{"line":21,"column":9}}],"line":19}},"s":{"0":1,"1":1,"2":1,"3":1,"4":1,"5":0,"6":0,"7":0,"8":0,"9":0,"10":0,"11":0,"12":0,"13":0,"14":1,"15":1,"16":1,"17":1,"18":1,"19":1,"20":1,"21":1,"22":0,"23":0,"24":1,"25":1,"26":0,"27":0,"28":1},"f":{"0":1,"1":0,"2":0,"3":1,"4":0,"5":0,"6":0,"7":0,"8":0,"9":0},"b":{"0":[0,0],"1":[0,0],"2":[0,0]},"_coverageSchema":"332fd63041d2c1bcb487cc26dd0d5f7d97098a6c","hash":"e5a3137afa26226a63ceaf2320f87b0c8977d74a"}
,"/home/judith-c-q-i/Escritorio/LIM009-Social-Network/src/view/utils.js": {"path":"/home/judith-c-q-i/Escritorio/LIM009-Social-Network/src/view/utils.js","statementMap":{"0":{"start":{"line":2,"column":2},"end":{"line":2,"column":30}}},"fnMap":{"0":{"name":"(anonymous_0)","decl":{"start":{"line":1,"column":15},"end":{"line":1,"column":16}},"loc":{"start":{"line":1,"column":26},"end":{"line":3,"column":1}},"line":1}},"branchMap":{},"s":{"0":0},"f":{"0":0},"b":{},"_coverageSchema":"332fd63041d2c1bcb487cc26dd0d5f7d97098a6c","hash":"af481f8c36c63c5af927f3c42be542c440c775ee"}
}
