TN:
SF:/home/judith-c-q-i/Escritorio/LIM009-Social-Network/_mocks_/firebase-mock.js
FN:8,(anonymous_0)
FN:12,(anonymous_1)
FN:16,(anonymous_2)
FN:19,(anonymous_3)
FN:20,(anonymous_4)
FN:21,(anonymous_5)
FN:22,(anonymous_6)
FN:23,(anonymous_7)
FN:26,(anonymous_8)
FNF:9
FNH:7
FNDA:0,(anonymous_0)
FNDA:11,(anonymous_1)
FNDA:0,(anonymous_2)
FNDA:1,(anonymous_3)
FNDA:1,(anonymous_4)
FNDA:1,(anonymous_5)
FNDA:1,(anonymous_6)
FNDA:1,(anonymous_7)
FNDA:1,(anonymous_8)
DA:1,4
DA:3,4
DA:4,4
DA:5,4
DA:6,4
DA:9,0
DA:13,11
DA:17,0
DA:19,1
DA:20,1
DA:21,1
DA:23,1
DA:24,1
DA:26,1
LF:14
LH:12
BRDA:9,0,0,0
BRDA:9,0,1,0
BRF:2
BRH:0
end_of_record
TN:
SF:/home/judith-c-q-i/Escritorio/LIM009-Social-Network/src/controller/login.js
FN:3,(anonymous_0)
FN:7,(anonymous_1)
FN:13,(anonymous_2)
FN:19,(anonymous_3)
FN:24,(anonymous_4)
FNF:5
FNH:5
FNDA:3,(anonymous_0)
FNDA:1,(anonymous_1)
FNDA:2,(anonymous_2)
FNDA:1,(anonymous_3)
FNDA:2,(anonymous_4)
DA:3,3
DA:4,3
DA:7,3
DA:8,1
DA:9,1
DA:13,3
DA:14,2
DA:15,2
DA:19,3
DA:20,1
DA:24,3
DA:25,2
LF:12
LH:12
BRF:0
BRH:0
end_of_record
TN:
SF:/home/judith-c-q-i/Escritorio/LIM009-Social-Network/src/controller/signup.js
FN:2,(anonymous_0)
FNF:1
FNH:1
FNDA:1,(anonymous_0)
DA:3,1
LF:1
LH:1
BRF:0
BRH:0
end_of_record
TN:
SF:/home/judith-c-q-i/Escritorio/LIM009-Social-Network/src/controller/wall.js
FN:3,(anonymous_0)
FN:17,(anonymous_1)
FN:20,(anonymous_2)
FN:22,(anonymous_3)
FN:33,(anonymous_4)
FN:36,(anonymous_5)
FN:38,(anonymous_6)
FN:47,(anonymous_7)
FN:56,(anonymous_8)
FN:64,(anonymous_9)
FN:67,(anonymous_10)
FN:69,(anonymous_11)
FN:73,(anonymous_12)
FN:76,(anonymous_13)
FN:87,(anonymous_14)
FN:90,(anonymous_15)
FN:92,(anonymous_16)
FN:100,(anonymous_17)
FN:107,(anonymous_18)
FN:111,(anonymous_19)
FN:113,(anonymous_20)
FN:115,(anonymous_21)
FN:123,(anonymous_22)
FN:147,(anonymous_23)
FN:148,(anonymous_24)
FN:151,(anonymous_25)
FNF:26
FNH:22
FNDA:1,(anonymous_0)
FNDA:7,(anonymous_1)
FNDA:7,(anonymous_2)
FNDA:22,(anonymous_3)
FNDA:2,(anonymous_4)
FNDA:2,(anonymous_5)
FNDA:2,(anonymous_6)
FNDA:1,(anonymous_7)
FNDA:1,(anonymous_8)
FNDA:1,(anonymous_9)
FNDA:1,(anonymous_10)
FNDA:1,(anonymous_11)
FNDA:1,(anonymous_12)
FNDA:1,(anonymous_13)
FNDA:2,(anonymous_14)
FNDA:2,(anonymous_15)
FNDA:2,(anonymous_16)
FNDA:1,(anonymous_17)
FNDA:1,(anonymous_18)
FNDA:1,(anonymous_19)
FNDA:1,(anonymous_20)
FNDA:1,(anonymous_21)
FNDA:0,(anonymous_22)
FNDA:0,(anonymous_23)
FNDA:0,(anonymous_24)
FNDA:0,(anonymous_25)
DA:3,2
DA:4,1
DA:17,2
DA:18,7
DA:21,7
DA:22,7
DA:23,22
DA:25,7
DA:33,2
DA:34,2
DA:37,2
DA:38,2
DA:39,2
DA:41,2
DA:47,2
DA:48,1
DA:49,1
DA:56,2
DA:57,1
DA:58,1
DA:64,2
DA:67,2
DA:69,2
DA:70,1
DA:71,1
DA:72,1
DA:73,1
DA:76,2
DA:77,1
DA:87,2
DA:88,2
DA:91,2
DA:92,2
DA:93,2
DA:95,2
DA:100,2
DA:101,1
DA:107,2
DA:108,1
DA:111,2
DA:112,1
DA:114,1
DA:115,1
DA:116,1
DA:118,1
DA:123,2
DA:124,0
DA:147,2
DA:148,0
DA:149,0
DA:151,0
DA:152,0
DA:153,0
DA:158,0
DA:159,0
LF:55
LH:47
BRDA:3,0,0,1
BRDA:152,1,0,0
BRDA:152,1,1,0
BRDA:158,2,0,0
BRDA:158,2,1,0
BRF:5
BRH:1
end_of_record
TN:
SF:/home/judith-c-q-i/Escritorio/LIM009-Social-Network/src/view/Login.js
FN:4,(anonymous_0)
FN:9,(anonymous_1)
FN:10,(anonymous_2)
FN:25,(anonymous_3)
FN:55,(anonymous_4)
FN:57,(anonymous_5)
FN:60,(anonymous_6)
FN:64,(anonymous_7)
FN:65,(anonymous_8)
FN:66,(anonymous_9)
FNF:10
FNH:2
FNDA:1,(anonymous_0)
FNDA:0,(anonymous_1)
FNDA:0,(anonymous_2)
FNDA:1,(anonymous_3)
FNDA:0,(anonymous_4)
FNDA:0,(anonymous_5)
FNDA:0,(anonymous_6)
FNDA:0,(anonymous_7)
FNDA:0,(anonymous_8)
FNDA:0,(anonymous_9)
DA:4,1
DA:5,1
DA:6,1
DA:7,1
DA:8,1
DA:9,0
DA:11,0
DA:12,0
DA:13,0
DA:14,0
DA:16,0
DA:17,0
DA:19,0
DA:20,0
DA:25,1
DA:26,1
DA:48,1
DA:49,1
DA:51,1
DA:52,1
DA:54,1
DA:55,1
DA:56,0
DA:58,0
DA:63,1
DA:64,1
DA:65,0
DA:69,1
LF:28
LH:16
BRDA:13,0,0,0
BRDA:13,0,1,0
BRDA:16,1,0,0
BRDA:16,1,1,0
BRDA:19,2,0,0
BRDA:19,2,1,0
BRF:6
BRH:0
end_of_record
TN:
SF:/home/judith-c-q-i/Escritorio/LIM009-Social-Network/src/view/utils.js
FN:1,(anonymous_0)
FNF:1
FNH:0
FNDA:0,(anonymous_0)
DA:2,0
LF:1
LH:0
BRF:0
BRH:0
end_of_record
